<?xml version="1.0" encoding="UTF-8"?>
<testng-results skipped="0" failed="0" ignored="0" total="1" passed="1">
  <reporter-output>
  </reporter-output>
  <suite name="Default suite" duration-ms="29543" started-at="2017-11-21T04:36:37Z" finished-at="2017-11-21T04:37:06Z">
    <groups>
    </groups>
    <test name="Default test" duration-ms="29543" started-at="2017-11-21T04:36:37Z" finished-at="2017-11-21T04:37:06Z">
      <class name="gitTest.SampleTest">
        <test-method status="PASS" signature="loginTest()[pri:0, instance:gitTest.SampleTest@3a8624]" name="loginTest" duration-ms="29484" started-at="2017-11-21T10:06:37Z" finished-at="2017-11-21T10:07:06Z">
          <reporter-output>
          </reporter-output>
        </test-method> <!-- loginTest -->
      </class> <!-- gitTest.SampleTest -->
    </test> <!-- Default test -->
  </suite> <!-- Default suite -->
</testng-results>
